<?xml version="1.0" encoding="UTF-8"?>
<testng-results skipped="0" failed="0" total="2" passed="2">
  <reporter-output>
  </reporter-output>
  <suite name="Suite" duration-ms="41551" started-at="2022-01-26T02:12:19Z" finished-at="2022-01-26T02:13:00Z">
    <groups>
    </groups>
    <test name="Test" duration-ms="41551" started-at="2022-01-26T02:12:19Z" finished-at="2022-01-26T02:13:00Z">
      <class name="main.test.SmartLoanLogin">
        <test-method status="PASS" signature="navigateToSmartHome()[pri:0, instance:main.test.SmartLoanLogin@25359ed8]" name="navigateToSmartHome" is-config="true" duration-ms="2651" started-at="2022-01-25T18:12:19Z" finished-at="2022-01-25T18:12:22Z">
          <reporter-output>
          </reporter-output>
        </test-method> <!-- navigateToSmartHome -->
        <test-method status="PASS" signature="verifyHomepage()[pri:0, instance:main.test.SmartLoanLogin@25359ed8]" name="verifyHomepage" duration-ms="4535" started-at="2022-01-25T18:12:22Z" finished-at="2022-01-25T18:12:26Z">
          <reporter-output>
          </reporter-output>
        </test-method> <!-- verifyHomepage -->
        <test-method status="PASS" signature="terminateBrowser()[pri:0, instance:main.test.SmartLoanLogin@25359ed8]" name="terminateBrowser" is-config="true" duration-ms="561" started-at="2022-01-25T18:12:26Z" finished-at="2022-01-25T18:12:27Z">
          <reporter-output>
          </reporter-output>
        </test-method> <!-- terminateBrowser -->
        <test-method status="PASS" signature="navigateToSmartHome()[pri:0, instance:main.test.SmartLoanLogin@25359ed8]" name="navigateToSmartHome" is-config="true" duration-ms="2308" started-at="2022-01-25T18:12:27Z" finished-at="2022-01-25T18:12:29Z">
          <reporter-output>
          </reporter-output>
        </test-method> <!-- navigateToSmartHome -->
        <test-method status="PASS" signature="verifyLogin()[pri:0, instance:main.test.SmartLoanLogin@25359ed8]" name="verifyLogin" duration-ms="31015" started-at="2022-01-25T18:12:29Z" finished-at="2022-01-25T18:13:00Z">
          <reporter-output>
          </reporter-output>
        </test-method> <!-- verifyLogin -->
        <test-method status="PASS" signature="terminateBrowser()[pri:0, instance:main.test.SmartLoanLogin@25359ed8]" name="terminateBrowser" is-config="true" duration-ms="470" started-at="2022-01-25T18:13:00Z" finished-at="2022-01-25T18:13:00Z">
          <reporter-output>
          </reporter-output>
        </test-method> <!-- terminateBrowser -->
      </class> <!-- main.test.SmartLoanLogin -->
    </test> <!-- Test -->
  </suite> <!-- Suite -->
</testng-results>
